#
# There is insufficient memory for the Java Runtime Environment to continue.
# Native memory allocation (malloc) failed to allocate 1170416 bytes for Chunk::new
# Possible reasons:
#   The system is out of physical RAM or swap space
#   In 32 bit mode, the process size limit was hit
# Possible solutions:
#   Reduce memory load on the system
#   Increase physical memory or swap space
#   Check if swap backing store is full
#   Use 64 bit Java on a 64 bit OS
#   Decrease Java heap size (-Xmx/-Xms)
#   Decrease number of Java threads
#   Decrease Java thread stack sizes (-Xss)
#   Set larger code cache with -XX:ReservedCodeCacheSize=
# This output file may be truncated or incomplete.
#
#  Out of Memory Error (allocation.cpp:390), pid=14048, tid=0x000000000000284c
#
# JRE version: Java(TM) SE Runtime Environment (8.0_181-b13) (build 1.8.0_181-b13)
# Java VM: Java HotSpot(TM) 64-Bit Server VM (25.181-b13 mixed mode windows-amd64 compressed oops)
# Failed to write core dump. Minidumps are not enabled by default on client versions of Windows
#

---------------  T H R E A D  ---------------

Current thread (0x0000000017ab6800):  JavaThread "C2 CompilerThread1" daemon [_thread_in_native, id=10316, stack(0x00000000191d0000,0x00000000192d0000)]

Stack: [0x00000000191d0000,0x00000000192d0000]
[error occurred during error reporting (printing stack bounds), id 0xc0000005]

Native frames: (J=compiled Java code, j=interpreted, Vv=VM code, C=native code)


Current CompileTask:
C2:  25651 3489   !   4       org.springframework.core.annotation.AnnotationUtils::findAnnotation (171 bytes)


---------------  P R O C E S S  ---------------

Java Threads: ( => current thread )
  0x0000000017aa2800 JavaThread "container-0" [_thread_blocked, id=16548, stack(0x0000000020230000,0x0000000020330000)]
  0x0000000017aa2000 JavaThread "ContainerBackgroundProcessor[StandardEngine[Tomcat]]" daemon [_thread_blocked, id=10416, stack(0x0000000020130000,0x0000000020230000)]
  0x0000000017aa7000 JavaThread "localhost-startStop-1" daemon [_thread_blocked, id=9668, stack(0x0000000020030000,0x0000000020130000)]
  0x0000000017aa8800 JavaThread "Tomcat-startStop-1" daemon [_thread_blocked, id=10932, stack(0x000000001eae0000,0x000000001ebe0000)]
  0x0000000019b47000 JavaThread "ReaderThread" [_thread_in_native, id=8720, stack(0x000000001a1d0000,0x000000001a2d0000)]
  0x00000000192e3800 JavaThread "Service Thread" daemon [_thread_blocked, id=13104, stack(0x00000000197d0000,0x00000000198d0000)]
  0x00000000192e0800 JavaThread "C1 CompilerThread2" daemon [_thread_blocked, id=7508, stack(0x00000000196d0000,0x00000000197d0000)]
=>0x0000000017ab6800 JavaThread "C2 CompilerThread1" daemon [_thread_in_native, id=10316, stack(0x00000000191d0000,0x00000000192d0000)]
  0x0000000017a75000 JavaThread "C2 CompilerThread0" daemon [_thread_in_native, id=11764, stack(0x00000000190d0000,0x00000000191d0000)]
  0x0000000017a73800 JavaThread "Attach Listener" daemon [_thread_blocked, id=15232, stack(0x0000000018fd0000,0x00000000190d0000)]
  0x0000000017a72800 JavaThread "Signal Dispatcher" daemon [_thread_blocked, id=10608, stack(0x0000000018ed0000,0x0000000018fd0000)]
  0x0000000017a5f000 JavaThread "Finalizer" daemon [_thread_blocked, id=1888, stack(0x0000000018ce0000,0x0000000018de0000)]
  0x0000000002ef6000 JavaThread "Reference Handler" daemon [_thread_blocked, id=11556, stack(0x0000000018be0000,0x0000000018ce0000)]
  0x0000000002e05800 JavaThread "main" [_thread_in_native, id=12340, stack(0x0000000002d00000,0x0000000002e00000)]

Other Threads:
  0x0000000017a37800 VMThread [stack: 0x0000000018ae0000,0x0000000018be0000] [id=16256]
  0x000000001932d800 WatcherThread [stack: 0x00000000198d0000,0x00000000199d0000] [id=1828]

VM state:not at safepoint (normal execution)

VM Mutex/Monitor currently owned by a thread: None

Heap:
 PSYoungGen      total 117248K, used 80776K [0x00000000d5c00000, 0x00000000e1d00000, 0x0000000100000000)
  eden space 104448K, 77% used [0x00000000d5c00000,0x00000000daae2188,0x00000000dc200000)
  from space 12800K, 0% used [0x00000000dc200000,0x00000000dc200000,0x00000000dce80000)
  to   space 14336K, 0% used [0x00000000e0f00000,0x00000000e0f00000,0x00000000e1d00000)
 ParOldGen       total 94720K, used 18773K [0x0000000081400000, 0x0000000087080000, 0x00000000d5c00000)
  object space 94720K, 19% used [0x0000000081400000,0x00000000826554b8,0x0000000087080000)
 Metaspace       used 36446K, capacity 37618K, committed 37848K, reserved 1081344K
  class space    used 4784K, capacity 5030K, committed 5120K, reserved 1048576K

Card table byte_map: [0x00000000122c0000,0x00000000126c0000] byte_map_base: 0x0000000011eb6000

Marking Bits: (ParMarkBitMap*) 0x0000000050e82d00
 Begin Bits: [0x0000000012d70000, 0x0000000014d20000)
 End Bits:   [0x0000000014d20000, 0x0000000016cd0000)

Polling page: 0x0000000002a70000

CodeCache: size=245760Kb used=11301Kb max_used=11301Kb free=234458Kb
 bounds [0x0000000002f00000, 0x0000000003a20000, 0x0000000011f00000]
 total_blobs=3544 nmethods=3124 adapters=331
 compilation: enabled

Compilation events (10 events):
Event: 25.467 Thread 0x00000000192e0800 3540       1       org.springframework.web.context.support.GenericWebApplicationContext::getServletContext (5 bytes)
Event: 25.467 Thread 0x00000000192e0800 nmethod 3540 0x0000000003a00810 code [0x0000000003a00960, 0x0000000003a00a70]
Event: 25.481 Thread 0x00000000192e0800 3541   !   3       com.sun.proxy.$Proxy21::hashCode (32 bytes)
Event: 25.482 Thread 0x00000000192e0800 nmethod 3541 0x0000000003a00ad0 code [0x0000000003a00c60, 0x0000000003a01138]
Event: 25.482 Thread 0x00000000192e0800 3542       3       org.springframework.beans.factory.support.AbstractBeanDefinition::setRole (6 bytes)
Event: 25.482 Thread 0x00000000192e0800 nmethod 3542 0x0000000003a01350 code [0x0000000003a014a0, 0x0000000003a015f0]
Event: 25.482 Thread 0x00000000192e0800 3543       3       org.springframework.beans.factory.support.AbstractAutowireCapableBeanFactory::populateBean (370 bytes)
Event: 25.495 Thread 0x00000000192e0800 nmethod 3543 0x0000000003a01690 code [0x0000000003a01b00, 0x0000000003a05038]
Event: 25.518 Thread 0x00000000192e0800 3544       3       sun.misc.ProxyGenerator$ProxyMethod::codeUnwrapReturnValue (213 bytes)
Event: 25.533 Thread 0x00000000192e0800 nmethod 3544 0x0000000003a06590 code [0x0000000003a06b80, 0x0000000003a0a838]

GC Heap History (10 events):
Event: 10.244 GC heap before
{Heap before GC invocations=5 (full 1):
 PSYoungGen      total 71680K, used 5108K [0x00000000d5c00000, 0x00000000da700000, 0x0000000100000000)
  eden space 66560K, 0% used [0x00000000d5c00000,0x00000000d5c00000,0x00000000d9d00000)
  from space 5120K, 99% used [0x00000000da200000,0x00000000da6fd230,0x00000000da700000)
  to   space 5120K, 0% used [0x00000000d9d00000,0x00000000d9d00000,0x00000000da200000)
 ParOldGen       total 87552K, used 5473K [0x0000000081400000, 0x0000000086980000, 0x00000000d5c00000)
  object space 87552K, 6% used [0x0000000081400000,0x0000000081958760,0x0000000086980000)
 Metaspace       used 20664K, capacity 21138K, committed 21248K, reserved 1067008K
  class space    used 2672K, capacity 2810K, committed 2816K, reserved 1048576K
Event: 10.369 GC heap after
Heap after GC invocations=5 (full 1):
 PSYoungGen      total 71680K, used 0K [0x00000000d5c00000, 0x00000000da700000, 0x0000000100000000)
  eden space 66560K, 0% used [0x00000000d5c00000,0x00000000d5c00000,0x00000000d9d00000)
  from space 5120K, 0% used [0x00000000da200000,0x00000000da200000,0x00000000da700000)
  to   space 5120K, 0% used [0x00000000d9d00000,0x00000000d9d00000,0x00000000da200000)
 ParOldGen       total 57344K, used 8119K [0x0000000081400000, 0x0000000084c00000, 0x00000000d5c00000)
  object space 57344K, 14% used [0x0000000081400000,0x0000000081bedc10,0x0000000084c00000)
 Metaspace       used 20662K, capacity 21136K, committed 21248K, reserved 1067008K
  class space    used 2671K, capacity 2809K, committed 2816K, reserved 1048576K
}
Event: 14.347 GC heap before
{Heap before GC invocations=6 (full 1):
 PSYoungGen      total 71680K, used 66560K [0x00000000d5c00000, 0x00000000da700000, 0x0000000100000000)
  eden space 66560K, 100% used [0x00000000d5c00000,0x00000000d9d00000,0x00000000d9d00000)
  from space 5120K, 0% used [0x00000000da200000,0x00000000da200000,0x00000000da700000)
  to   space 5120K, 0% used [0x00000000d9d00000,0x00000000d9d00000,0x00000000da200000)
 ParOldGen       total 57344K, used 8119K [0x0000000081400000, 0x0000000084c00000, 0x00000000d5c00000)
  object space 57344K, 14% used [0x0000000081400000,0x0000000081bedc10,0x0000000084c00000)
 Metaspace       used 27420K, capacity 28038K, committed 28160K, reserved 1073152K
  class space    used 3578K, capacity 3750K, committed 3840K, reserved 1048576K
Event: 14.396 GC heap after
Heap after GC invocations=6 (full 1):
 PSYoungGen      total 71680K, used 5093K [0x00000000d5c00000, 0x00000000ddc80000, 0x0000000100000000)
  eden space 66560K, 0% used [0x00000000d5c00000,0x00000000d5c00000,0x00000000d9d00000)
  from space 5120K, 99% used [0x00000000d9d00000,0x00000000da1f9690,0x00000000da200000)
  to   space 12288K, 0% used [0x00000000dd080000,0x00000000dd080000,0x00000000ddc80000)
 ParOldGen       total 57344K, used 14179K [0x0000000081400000, 0x0000000084c00000, 0x00000000d5c00000)
  object space 57344K, 24% used [0x0000000081400000,0x00000000821d8e00,0x0000000084c00000)
 Metaspace       used 27420K, capacity 28038K, committed 28160K, reserved 1073152K
  class space    used 3578K, capacity 3750K, committed 3840K, reserved 1048576K
}
Event: 19.026 GC heap before
{Heap before GC invocations=7 (full 1):
 PSYoungGen      total 71680K, used 71653K [0x00000000d5c00000, 0x00000000ddc80000, 0x0000000100000000)
  eden space 66560K, 100% used [0x00000000d5c00000,0x00000000d9d00000,0x00000000d9d00000)
  from space 5120K, 99% used [0x00000000d9d00000,0x00000000da1f9690,0x00000000da200000)
  to   space 12288K, 0% used [0x00000000dd080000,0x00000000dd080000,0x00000000ddc80000)
 ParOldGen       total 57344K, used 14179K [0x0000000081400000, 0x0000000084c00000, 0x00000000d5c00000)
  object space 57344K, 24% used [0x0000000081400000,0x00000000821d8e00,0x0000000084c00000)
 Metaspace       used 31280K, capacity 32398K, committed 32640K, reserved 1077248K
  class space    used 4104K, capacity 4356K, committed 4480K, reserved 1048576K
Event: 19.064 GC heap after
Heap after GC invocations=7 (full 1):
 PSYoungGen      total 115200K, used 10152K [0x00000000d5c00000, 0x00000000ddb00000, 0x0000000100000000)
  eden space 104448K, 0% used [0x00000000d5c00000,0x00000000d5c00000,0x00000000dc200000)
  from space 10752K, 94% used [0x00000000dd080000,0x00000000dda6a0e8,0x00000000ddb00000)
  to   space 12800K, 0% used [0x00000000dc200000,0x00000000dc200000,0x00000000dce80000)
 ParOldGen       total 57344K, used 14187K [0x0000000081400000, 0x0000000084c00000, 0x00000000d5c00000)
  object space 57344K, 24% used [0x0000000081400000,0x00000000821dae00,0x0000000084c00000)
 Metaspace       used 31280K, capacity 32398K, committed 32640K, reserved 1077248K
  class space    used 4104K, capacity 4356K, committed 4480K, reserved 1048576K
}
Event: 22.111 GC heap before
{Heap before GC invocations=8 (full 1):
 PSYoungGen      total 115200K, used 65407K [0x00000000d5c00000, 0x00000000ddb00000, 0x0000000100000000)
  eden space 104448K, 52% used [0x00000000d5c00000,0x00000000d91f5b28,0x00000000dc200000)
  from space 10752K, 94% used [0x00000000dd080000,0x00000000dda6a0e8,0x00000000ddb00000)
  to   space 12800K, 0% used [0x00000000dc200000,0x00000000dc200000,0x00000000dce80000)
 ParOldGen       total 57344K, used 14187K [0x0000000081400000, 0x0000000084c00000, 0x00000000d5c00000)
  object space 57344K, 24% used [0x0000000081400000,0x00000000821dae00,0x0000000084c00000)
 Metaspace       used 34218K, capacity 35334K, committed 35416K, reserved 1079296K
  class space    used 4442K, capacity 4664K, committed 4736K, reserved 1048576K
Event: 22.205 GC heap after
Heap after GC invocations=8 (full 1):
 PSYoungGen      total 117248K, used 12319K [0x00000000d5c00000, 0x00000000e1d00000, 0x0000000100000000)
  eden space 104448K, 0% used [0x00000000d5c00000,0x00000000d5c00000,0x00000000dc200000)
  from space 12800K, 96% used [0x00000000dc200000,0x00000000dce07ea0,0x00000000dce80000)
  to   space 14336K, 0% used [0x00000000e0f00000,0x00000000e0f00000,0x00000000e1d00000)
 ParOldGen       total 57344K, used 14195K [0x0000000081400000, 0x0000000084c00000, 0x00000000d5c00000)
  object space 57344K, 24% used [0x0000000081400000,0x00000000821dce00,0x0000000084c00000)
 Metaspace       used 34218K, capacity 35334K, committed 35416K, reserved 1079296K
  class space    used 4442K, capacity 4664K, committed 4736K, reserved 1048576K
}
Event: 22.206 GC heap before
{Heap before GC invocations=9 (full 2):
 PSYoungGen      total 117248K, used 12319K [0x00000000d5c00000, 0x00000000e1d00000, 0x0000000100000000)
  eden space 104448K, 0% used [0x00000000d5c00000,0x00000000d5c00000,0x00000000dc200000)
  from space 12800K, 96% used [0x00000000dc200000,0x00000000dce07ea0,0x00000000dce80000)
  to   space 14336K, 0% used [0x00000000e0f00000,0x00000000e0f00000,0x00000000e1d00000)
 ParOldGen       total 57344K, used 14195K [0x0000000081400000, 0x0000000084c00000, 0x00000000d5c00000)
  object space 57344K, 24% used [0x0000000081400000,0x00000000821dce00,0x0000000084c00000)
 Metaspace       used 34218K, capacity 35334K, committed 35416K, reserved 1079296K
  class space    used 4442K, capacity 4664K, committed 4736K, reserved 1048576K
Event: 22.585 GC heap after
Heap after GC invocations=9 (full 2):
 PSYoungGen      total 117248K, used 0K [0x00000000d5c00000, 0x00000000e1d00000, 0x0000000100000000)
  eden space 104448K, 0% used [0x00000000d5c00000,0x00000000d5c00000,0x00000000dc200000)
  from space 12800K, 0% used [0x00000000dc200000,0x00000000dc200000,0x00000000dce80000)
  to   space 14336K, 0% used [0x00000000e0f00000,0x00000000e0f00000,0x00000000e1d00000)
 ParOldGen       total 94720K, used 18773K [0x0000000081400000, 0x0000000087080000, 0x00000000d5c00000)
  object space 94720K, 19% used [0x0000000081400000,0x00000000826554b8,0x0000000087080000)
 Metaspace       used 34218K, capacity 35334K, committed 35416K, reserved 1079296K
  class space    used 4442K, capacity 4664K, committed 4736K, reserved 1048576K
}

Deoptimization events (10 events):
Event: 21.243 Thread 0x0000000017aa7000 Uncommon trap: reason=unstable_if action=reinterpret pc=0x00000000038d11ec method=org.springframework.boot.context.properties.source.ConfigurationPropertyName.elementEquals(Ljava/lang/CharSequence;Ljava/lang/CharSequence;)Z @ 203
Event: 22.050 Thread 0x0000000002e05800 Uncommon trap: reason=bimorphic action=maybe_recompile pc=0x00000000038fd578 method=java.util.Hashtable.get(Ljava/lang/Object;)Ljava/lang/Object; @ 6
Event: 22.050 Thread 0x0000000002e05800 Uncommon trap: reason=bimorphic action=maybe_recompile pc=0x00000000038fd578 method=java.util.Hashtable.get(Ljava/lang/Object;)Ljava/lang/Object; @ 6
Event: 22.750 Thread 0x0000000002e05800 Uncommon trap: reason=unstable_if action=reinterpret pc=0x000000000327789c method=org.springframework.asm.MethodVisitor.visitInsn(I)V @ 4
Event: 22.986 Thread 0x0000000002e05800 Uncommon trap: reason=unstable_if action=reinterpret pc=0x000000000342219c method=org.springframework.asm.Frame.merge(Lorg/springframework/asm/ClassWriter;I[II)Z @ 80
Event: 22.987 Thread 0x0000000002e05800 Uncommon trap: reason=unstable_if action=reinterpret pc=0x00000000030830a4 method=org.springframework.asm.Frame.merge(Lorg/springframework/asm/ClassWriter;I[II)Z @ 80
Event: 23.009 Thread 0x0000000002e05800 Uncommon trap: reason=range_check action=make_not_entrant pc=0x000000000398c710 method=java.lang.String.charAt(I)C @ 27
Event: 23.101 Thread 0x0000000002e05800 Uncommon trap: reason=unstable_if action=reinterpret pc=0x0000000003369998 method=java.util.IdentityHashMap.get(Ljava/lang/Object;)Ljava/lang/Object; @ 31
Event: 23.828 Thread 0x0000000002e05800 Uncommon trap: reason=class_check action=maybe_recompile pc=0x0000000003086d54 method=java.util.AbstractList$Itr.hasNext()Z @ 8
Event: 23.833 Thread 0x0000000002e05800 Uncommon trap: reason=class_check action=maybe_recompile pc=0x0000000003086d54 method=java.util.AbstractList$Itr.hasNext()Z @ 8

Classes redefined (0 events):
No events

Internal exceptions (10 events):
Event: 25.503 Thread 0x0000000002e05800 Exception <a 'java/lang/ClassNotFoundException': org/springframework/context/annotation/ConfigurationClassEnhancer$EnhancedConfigurationCustomizer> (0x00000000da5f72c8) thrown at [C:\re\workspace\8-2-build-windows-amd64-cygwin\jdk8u181\11358\hotspot\src\s
Event: 25.523 Thread 0x0000000002e05800 Exception <a 'java/lang/ClassNotFoundException': java/lang/ObjectCustomizer> (0x00000000da671000) thrown at [C:\re\workspace\8-2-build-windows-amd64-cygwin\jdk8u181\11358\hotspot\src\share\vm\classfile\systemDictionary.cpp, line 210]
Event: 25.523 Thread 0x0000000002e05800 Exception <a 'java/lang/ClassNotFoundException': org.springframework.boot.autoconfigure.http.codec.CodecsAutoConfiguration$JacksonCodecConfiguration$$Lambda$270/103433239Customizer> (0x00000000da675800) thrown at [C:\re\workspace\8-2-build-windows-amd64-c
Event: 25.524 Thread 0x0000000002e05800 Exception <a 'java/lang/ClassNotFoundException': org.springframework.boot.autoconfigure.http.codec.CodecsAutoConfiguration$JacksonCodecConfiguration$$Lambda$270/103433239Customizer> (0x00000000da675d28) thrown at [C:\re\workspace\8-2-build-windows-amd64-c
Event: 25.524 Thread 0x0000000002e05800 Exception <a 'java/lang/ClassNotFoundException': org.springframework.boot.autoconfigure.http.codec.CodecsAutoConfiguration$JacksonCodecConfiguration$$Lambda$270/103433239Customizer> (0x00000000da676250) thrown at [C:\re\workspace\8-2-build-windows-amd64-c
Event: 25.526 Thread 0x0000000002e05800 Exception <a 'java/lang/ClassNotFoundException': org/springframework/boot/web/codec/CodecCustomizerCustomizer> (0x00000000da693a90) thrown at [C:\re\workspace\8-2-build-windows-amd64-cygwin\jdk8u181\11358\hotspot\src\share\vm\classfile\systemDictionary.cp
Event: 25.530 Thread 0x0000000002e05800 Exception <a 'java/lang/ClassNotFoundException': java/lang/ObjectCustomizer> (0x00000000da6a28e0) thrown at [C:\re\workspace\8-2-build-windows-amd64-cygwin\jdk8u181\11358\hotspot\src\share\vm\classfile\systemDictionary.cpp, line 210]
Event: 25.537 Thread 0x0000000002e05800 Exception <a 'java/lang/ClassNotFoundException': org/springframework/boot/autoconfigure/http/codec/CodecsAutoConfigurationCustomizer> (0x00000000da6c7f78) thrown at [C:\re\workspace\8-2-build-windows-amd64-cygwin\jdk8u181\11358\hotspot\src\share\vm\classf
Event: 25.541 Thread 0x0000000002e05800 Exception <a 'java/lang/ClassNotFoundException': org/springframework/boot/autoconfigure/http/codec/CodecsAutoConfiguration$$EnhancerBySpringCGLIB$$181a8e8bCustomizer> (0x00000000da6f3640) thrown at [C:\re\workspace\8-2-build-windows-amd64-cygwin\jdk8u181\
Event: 25.547 Thread 0x0000000002e05800 Exception <a 'java/lang/ClassNotFoundException': org/springframework/context/annotation/ConfigurationClassEnhancer$EnhancedConfigurationCustomizer> (0x00000000da71e020) thrown at [C:\re\workspace\8-2-build-windows-amd64-cygwin\jdk8u181\11358\hotspot\src\s

Events (10 events):
Event: 25.539 loading class org/springframework/boot/autoconfigure/http/codec/CodecsAutoConfiguration$$EnhancerBySpringCGLIB$$181a8e8bCustomizer
Event: 25.539 loading class org/springframework/boot/autoconfigure/http/codec/CodecsAutoConfiguration$$EnhancerBySpringCGLIB$$181a8e8bCustomizer done
Event: 25.541 loading class org/springframework/boot/autoconfigure/http/codec/CodecsAutoConfiguration$$EnhancerBySpringCGLIB$$181a8e8bCustomizer
Event: 25.541 loading class org/springframework/boot/autoconfigure/http/codec/CodecsAutoConfiguration$$EnhancerBySpringCGLIB$$181a8e8bCustomizer done
Event: 25.542 loading class org/springframework/context/annotation/ConfigurationClassEnhancer$EnhancedConfigurationCustomizer
Event: 25.542 loading class org/springframework/context/annotation/ConfigurationClassEnhancer$EnhancedConfigurationCustomizer done
Event: 25.544 loading class org/springframework/context/annotation/ConfigurationClassEnhancer$EnhancedConfigurationCustomizer
Event: 25.545 loading class org/springframework/context/annotation/ConfigurationClassEnhancer$EnhancedConfigurationCustomizer done
Event: 25.547 loading class org/springframework/context/annotation/ConfigurationClassEnhancer$EnhancedConfigurationCustomizer
Event: 25.547 loading class org/springframework/context/annotation/ConfigurationClassEnhancer$EnhancedConfigurationCustomizer done


Dynamic libraries:
0x00007ff651d60000 - 0x00007ff651d97000 	C:\Program Files\Java\jre1.8.0_181\bin\javaw.exe
0x00007ffdb0360000 - 0x00007ffdb0541000 	C:\WINDOWS\SYSTEM32\ntdll.dll
0x00007ffdad8a0000 - 0x00007ffdad952000 	C:\WINDOWS\System32\KERNEL32.DLL
0x00007ffdad450000 - 0x00007ffdad6c3000 	C:\WINDOWS\System32\KERNELBASE.dll
0x00007ffdad7f0000 - 0x00007ffdad891000 	C:\WINDOWS\System32\ADVAPI32.dll
0x00007ffdaf130000 - 0x00007ffdaf1ce000 	C:\WINDOWS\System32\msvcrt.dll
0x00007ffdaf250000 - 0x00007ffdaf2ab000 	C:\WINDOWS\System32\sechost.dll
0x00007ffdad970000 - 0x00007ffdada94000 	C:\WINDOWS\System32\RPCRT4.dll
0x00007ffdaef80000 - 0x00007ffdaf110000 	C:\WINDOWS\System32\USER32.dll
0x00007ffdaca20000 - 0x00007ffdaca40000 	C:\WINDOWS\System32\win32u.dll
0x00007ffdafcb0000 - 0x00007ffdafcd8000 	C:\WINDOWS\System32\GDI32.dll
0x00007ffdad2b0000 - 0x00007ffdad442000 	C:\WINDOWS\System32\gdi32full.dll
0x00007ffdad6d0000 - 0x00007ffdad76f000 	C:\WINDOWS\System32\msvcp_win.dll
0x00007ffdac920000 - 0x00007ffdaca1a000 	C:\WINDOWS\System32\ucrtbase.dll
0x00007ffd9fba0000 - 0x00007ffd9fe09000 	C:\WINDOWS\WinSxS\amd64_microsoft.windows.common-controls_6595b64144ccf1df_6.0.17134.285_none_fb4297e330656775\COMCTL32.dll
0x00007ffdaf780000 - 0x00007ffdafaa3000 	C:\WINDOWS\System32\combase.dll
0x00007ffdad770000 - 0x00007ffdad7ea000 	C:\WINDOWS\System32\bcryptPrimitives.dll
0x00007ffdb0130000 - 0x00007ffdb015d000 	C:\WINDOWS\System32\IMM32.DLL
0x00000000502d0000 - 0x00000000503a2000 	C:\Program Files\Java\jre1.8.0_181\bin\msvcr100.dll
0x0000000050660000 - 0x0000000050f02000 	C:\Program Files\Java\jre1.8.0_181\bin\server\jvm.dll
0x00007ffdad960000 - 0x00007ffdad968000 	C:\WINDOWS\System32\PSAPI.DLL
0x00007ffd99650000 - 0x00007ffd99659000 	C:\WINDOWS\SYSTEM32\WSOCK32.dll
0x00007ffdb01c0000 - 0x00007ffdb022c000 	C:\WINDOWS\System32\WS2_32.dll
0x00007ffdaa670000 - 0x00007ffdaa693000 	C:\WINDOWS\SYSTEM32\WINMM.dll
0x00007ffd9ebe0000 - 0x00007ffd9ebea000 	C:\WINDOWS\SYSTEM32\VERSION.dll
0x00007ffdaa640000 - 0x00007ffdaa66a000 	C:\WINDOWS\SYSTEM32\WINMMBASE.dll
0x00007ffdacaf0000 - 0x00007ffdacb39000 	C:\WINDOWS\System32\cfgmgr32.dll
0x0000000050570000 - 0x000000005057f000 	C:\Program Files\Java\jre1.8.0_181\bin\verify.dll
0x0000000050540000 - 0x0000000050569000 	C:\Program Files\Java\jre1.8.0_181\bin\java.dll
0x0000000050520000 - 0x0000000050536000 	C:\Program Files\Java\jre1.8.0_181\bin\zip.dll
0x00007ffdadb40000 - 0x00007ffdaef80000 	C:\WINDOWS\System32\SHELL32.dll
0x00007ffdaf2c0000 - 0x00007ffdaf369000 	C:\WINDOWS\System32\shcore.dll
0x00007ffdacb40000 - 0x00007ffdad24d000 	C:\WINDOWS\System32\windows.storage.dll
0x00007ffdaf4f0000 - 0x00007ffdaf541000 	C:\WINDOWS\System32\shlwapi.dll
0x00007ffdac6f0000 - 0x00007ffdac701000 	C:\WINDOWS\System32\kernel.appcore.dll
0x00007ffdac710000 - 0x00007ffdac72f000 	C:\WINDOWS\System32\profapi.dll
0x00007ffdac680000 - 0x00007ffdac6cc000 	C:\WINDOWS\System32\powrprof.dll
0x00007ffdac670000 - 0x00007ffdac67a000 	C:\WINDOWS\System32\FLTLIB.DLL
0x0000000050500000 - 0x000000005051a000 	C:\Program Files\Java\jre1.8.0_181\bin\net.dll
0x00007ffdabae0000 - 0x00007ffdabb46000 	C:\WINDOWS\system32\mswsock.dll
0x0000000050fd0000 - 0x0000000050fdd000 	C:\Program Files\Java\jre1.8.0_181\bin\management.dll
0x00007ffd8ecb0000 - 0x00007ffd8ecc6000 	C:\WINDOWS\system32\napinsp.dll
0x00007ffd8e660000 - 0x00007ffd8e67a000 	C:\WINDOWS\system32\pnrpnsp.dll
0x00007ffda8c50000 - 0x00007ffda8c69000 	C:\WINDOWS\system32\NLAapi.dll
0x00007ffdab8b0000 - 0x00007ffdab96e000 	C:\WINDOWS\SYSTEM32\DNSAPI.dll
0x00007ffdaf2b0000 - 0x00007ffdaf2b8000 	C:\WINDOWS\System32\NSI.dll
0x00007ffdab870000 - 0x00007ffdab8a8000 	C:\WINDOWS\SYSTEM32\IPHLPAPI.DLL
0x00007ffd9ca90000 - 0x00007ffd9ca9e000 	C:\WINDOWS\System32\winrnr.dll
0x00007ffda49c0000 - 0x00007ffda49d5000 	C:\WINDOWS\System32\wshbth.dll
0x00007ffda2530000 - 0x00007ffda253a000 	C:\Windows\System32\rasadhlp.dll
0x00007ffda2c90000 - 0x00007ffda2d02000 	C:\WINDOWS\System32\fwpuclnt.dll
0x00007ffdac130000 - 0x00007ffdac155000 	C:\WINDOWS\SYSTEM32\bcrypt.dll
0x00000000504e0000 - 0x00000000504f1000 	C:\Program Files\Java\jre1.8.0_181\bin\nio.dll
0x00007ffdac330000 - 0x00007ffdac347000 	C:\WINDOWS\SYSTEM32\CRYPTSP.dll
0x00007ffdab6d0000 - 0x00007ffdab703000 	C:\WINDOWS\system32\rsaenh.dll
0x00007ffdac5a0000 - 0x00007ffdac5c8000 	C:\WINDOWS\SYSTEM32\USERENV.dll
0x00007ffdabc40000 - 0x00007ffdabc4b000 	C:\WINDOWS\SYSTEM32\CRYPTBASE.dll
0x00007ffda4610000 - 0x00007ffda4626000 	C:\WINDOWS\SYSTEM32\dhcpcsvc6.DLL
0x00007ffda45f0000 - 0x00007ffda460a000 	C:\WINDOWS\SYSTEM32\dhcpcsvc.DLL

VM Arguments:
jvm_args: -ea -Dfile.encoding=UTF-8 
java_command: org.eclipse.jdt.internal.junit.runner.RemoteTestRunner -version 3 -port 60320 -testLoaderClass org.eclipse.jdt.internal.junit4.runner.JUnit4TestLoader -loaderpluginname org.eclipse.jdt.junit4.runtime -classNames com.octoperf.PersonControllerRetrofitTest
java_class_path (initial): F:\Workspace\spring-boot2-demo-master\spring-boot2-demo-master\target\test-classes;F:\Workspace\spring-boot2-demo-master\spring-boot2-demo-master\target\classes;C:\Users\Sandeep\.m2\repository\org\projectlombok\lombok\1.16.20\lombok-1.16.20.jar;C:\Users\Sandeep\.m2\repository\com\fasterxml\jackson\core\jackson-core\2.9.4\jackson-core-2.9.4.jar;C:\Users\Sandeep\.m2\repository\org\springframework\boot\spring-boot-starter-web\2.0.0.RELEASE\spring-boot-starter-web-2.0.0.RELEASE.jar;C:\Users\Sandeep\.m2\repository\org\springframework\boot\spring-boot-starter\2.0.0.RELEASE\spring-boot-starter-2.0.0.RELEASE.jar;C:\Users\Sandeep\.m2\repository\org\springframework\boot\spring-boot\2.0.0.RELEASE\spring-boot-2.0.0.RELEASE.jar;C:\Users\Sandeep\.m2\repository\org\springframework\boot\spring-boot-autoconfigure\2.0.0.RELEASE\spring-boot-autoconfigure-2.0.0.RELEASE.jar;C:\Users\Sandeep\.m2\repository\org\springframework\boot\spring-boot-starter-logging\2.0.0.RELEASE\spring-boot-starter-logging-2.0.0.RELEASE.jar;C:\Users\Sandeep\.m2\repository\ch\qos\logback\logback-classic\1.2.3\logback-classic-1.2.3.jar;C:\Users\Sandeep\.m2\repository\ch\qos\logback\logback-core\1.2.3\logback-core-1.2.3.jar;C:\Users\Sandeep\.m2\repository\org\apache\logging\log4j\log4j-to-slf4j\2.10.0\log4j-to-slf4j-2.10.0.jar;C:\Users\Sandeep\.m2\repository\org\apache\logging\log4j\log4j-api\2.10.0\log4j-api-2.10.0.jar;C:\Users\Sandeep\.m2\repository\org\slf4j\jul-to-slf4j\1.7.25\jul-to-slf4j-1.7.25.jar;C:\Users\Sandeep\.m2\repository\javax\annotation\javax.annotation-api\1.3.2\javax.annotation-api-1.3.2.jar;C:\Users\Sandeep\.m2\repository\org\yaml\snakeyaml\1.19\snakeyaml-1.19.jar;C:\Users\Sandeep\.m2\repository\org\springframework\boot\spring-boot-starter-json\2.0.0.RELEASE\spring-boot-starter-json-2.0.0.RELEASE.jar;C:\Users\Sandeep\.m2\repository\com\fasterxml\jackson\datatype\jackson-datatype-jdk8\2.9.4\jackson-datatype-jdk8-2.9.4.jar;C:\Users\Sandeep\.m2\repository\com\fasterxml\
Launcher Type: SUN_STANDARD

Environment Variables:
PATH=C:/Program Files/Java/jre1.8.0_181/bin/server;C:/Program Files/Java/jre1.8.0_181/bin;C:/Program Files/Java/jre1.8.0_181/lib/amd64;C:\Program Files\Docker\Docker\Resources\bin;C:\Program Files (x86)\Common Files\Oracle\Java\javapath;C:\WINDOWS\system32;C:\WINDOWS;C:\WINDOWS\System32\Wbem;C:\WINDOWS\System32\WindowsPowerShell\v1.0\;C:\Program Files\Java\jdk1.8.0_181\jre\bin;C:\Program Files\Git\cmd;C:\Users\Sandeep\AppData\Local\Microsoft\WindowsApps;C:\Users\Sandeep\Downloads\Compressed\platform-tools;C:\Users\Sandeep\AppData\Roaming\Dashlane\6.2.0.12026\bin\Firefox_Extension\{442718d9-475e-452a-b3e1-fb1ee16b8e9f}\components;C:\Users\Sandeep\AppData\Roaming\Dashlane\6.2.0.12026\ucrt;C:\Users\Sandeep\AppData\Roaming\Dashlane\6.2.0.12026\bin\Qt;C:\Users\Sandeep\AppData\Roaming\Dashlane\6.2.0.12026\ucrt;C:\Users\Sandeep\AppData\Roaming\Dashlane\6.2.0.12026\bin\Ssl;C:\Users\Sandeep\AppData\Local\GitHubDesktop\bin;C:\Users\Sandeep\AppData\Roaming\Dashlane\6.1839.0.13410\bin\Firefox_Extension\{442718d9-475e-452a-b3e1-fb1ee16b8e9f}\components;C:\Users\Sandeep\AppData\Roaming\Dashlane\6.1839.0.13410\ucrt;C:\Users\Sandeep\AppData\Roaming\Dashlane\6.1839.0.13410\bin\Qt;C:\Users\Sandeep\AppData\Roaming\Dashlane\6.1839.0.13410\ucrt;C:\Users\Sandeep\AppData\Roaming\Dashlane\6.1839.0.13410\bin\Ssl;C:\Users\Sandeep\Desktop;
USERNAME=Sandeep
OS=Windows_NT
PROCESSOR_IDENTIFIER=Intel64 Family 6 Model 61 Stepping 4, GenuineIntel



---------------  S Y S T E M  ---------------

OS: Windows 10.0 , 64 bit Build 17134 (10.0.17134.1)

CPU:total 4 (initial active 4) (2 cores per cpu, 2 threads per core) family 6 model 61 stepping 4, cmov, cx8, fxsr, mmx, sse, sse2, sse3, ssse3, sse4.1, sse4.2, popcnt, avx, avx2, aes, clmul, erms, 3dnowpref, lzcnt, ht, tsc, tscinvbit, bmi1, bmi2, adx

Memory: 4k page, physical 8301588k(438008k free), swap 33467412k(5768k free)

vm_info: Java HotSpot(TM) 64-Bit Server VM (25.181-b13) for windows-amd64 JRE (1.8.0_181-b13), built on Jul  7 2018 04:01:33 by "java_re" with MS VC++ 10.0 (VS2010)

time: Sat Oct 06 23:11:49 2018
elapsed time: 25 seconds (0d 0h 0m 25s)

