#
# There is insufficient memory for the Java Runtime Environment to continue.
# Native memory allocation (malloc) failed to allocate 1048576 bytes for AllocateHeap
# Possible reasons:
#   The system is out of physical RAM or swap space
#   In 32 bit mode, the process size limit was hit
# Possible solutions:
#   Reduce memory load on the system
#   Increase physical memory or swap space
#   Check if swap backing store is full
#   Use 64 bit Java on a 64 bit OS
#   Decrease Java heap size (-Xmx/-Xms)
#   Decrease number of Java threads
#   Decrease Java thread stack sizes (-Xss)
#   Set larger code cache with -XX:ReservedCodeCacheSize=
# This output file may be truncated or incomplete.
#
#  Out of Memory Error (memory/allocation.inline.hpp:61), pid=10128, tid=0x0000000000000ebc
#
# JRE version:  (8.0_181-b13) (build )
# Java VM: Java HotSpot(TM) 64-Bit Server VM (25.181-b13 mixed mode windows-amd64 compressed oops)
# Failed to write core dump. Minidumps are not enabled by default on client versions of Windows
#

---------------  T H R E A D  ---------------

Current thread (0x0000000003112800):  JavaThread "Unknown thread" [_thread_in_vm, id=3772, stack(0x0000000003010000,0x0000000003110000)]

Stack: [0x0000000003010000,0x0000000003110000]
[error occurred during error reporting (printing stack bounds), id 0xc0000005]

Native frames: (J=compiled Java code, j=interpreted, Vv=VM code, C=native code)


---------------  P R O C E S S  ---------------

Java Threads: ( => current thread )

Other Threads:

=>0x0000000003112800 (exited) JavaThread "Unknown thread" [_thread_in_vm, id=3772, stack(0x0000000003010000,0x0000000003110000)]

VM state:not at safepoint (normal execution)

VM Mutex/Monitor currently owned by a thread: None

Heap:
 PSYoungGen      total 38400K, used 665K [0x00000000d5c00000, 0x00000000d8680000, 0x0000000100000000)
  eden space 33280K, 2% used [0x00000000d5c00000,0x00000000d5ca6670,0x00000000d7c80000)
  from space 5120K, 0% used [0x00000000d8180000,0x00000000d8180000,0x00000000d8680000)
  to   space 5120K, 0% used [0x00000000d7c80000,0x00000000d7c80000,0x00000000d8180000)
 ParOldGen       total 87552K, used 0K [0x0000000081400000, 0x0000000086980000, 0x00000000d5c00000)
  object space 87552K, 0% used [0x0000000081400000,0x0000000081400000,0x0000000086980000)
 Metaspace       used 751K, capacity 4480K, committed 4480K, reserved 1056768K
  class space    used 76K, capacity 384K, committed 384K, reserved 1048576K

Card table byte_map: [0x00000000125d0000,0x00000000129d0000] byte_map_base: 0x00000000121c6000

Marking Bits: (ParMarkBitMap*) 0x00000000650d2d00
 Begin Bits: [0x0000000013080000, 0x0000000015030000)
 End Bits:   [0x0000000015030000, 0x0000000016fe0000)

Polling page: 0x0000000001180000

CodeCache: size=245760Kb used=328Kb max_used=328Kb free=245431Kb
 bounds [0x0000000003210000, 0x0000000003480000, 0x0000000012210000]
 total_blobs=58 nmethods=0 adapters=38
 compilation: enabled

Compilation events (0 events):
No events

GC Heap History (0 events):
No events

Deoptimization events (0 events):
No events

Classes redefined (0 events):
No events

Internal exceptions (0 events):
No events

Events (10 events):
Event: 0.072 loading class java/lang/Short
Event: 0.073 loading class java/lang/Short done
Event: 0.073 loading class java/lang/Integer
Event: 0.073 loading class java/lang/Integer done
Event: 0.073 loading class java/lang/Long
Event: 0.073 loading class java/lang/Long done
Event: 0.075 loading class java/lang/NullPointerException
Event: 0.075 loading class java/lang/NullPointerException done
Event: 0.075 loading class java/lang/ArithmeticException
Event: 0.075 loading class java/lang/ArithmeticException done


Dynamic libraries:
0x00007ff78cb20000 - 0x00007ff78cb57000 	C:\Program Files\Java\jre1.8.0_181\bin\javaw.exe
0x00007ffba9ad0000 - 0x00007ffba9cb1000 	C:\WINDOWS\SYSTEM32\ntdll.dll
0x00007ffba9610000 - 0x00007ffba96c2000 	C:\WINDOWS\System32\KERNEL32.DLL
0x00007ffba6930000 - 0x00007ffba6ba3000 	C:\WINDOWS\System32\KERNELBASE.dll
0x00007ffba9560000 - 0x00007ffba9601000 	C:\WINDOWS\System32\ADVAPI32.dll
0x00007ffba87a0000 - 0x00007ffba883e000 	C:\WINDOWS\System32\msvcrt.dll
0x00007ffba93a0000 - 0x00007ffba93fb000 	C:\WINDOWS\System32\sechost.dll
0x00007ffba8c00000 - 0x00007ffba8d24000 	C:\WINDOWS\System32\RPCRT4.dll
0x00007ffba7130000 - 0x00007ffba72c0000 	C:\WINDOWS\System32\USER32.dll
0x00007ffba6bb0000 - 0x00007ffba6bd0000 	C:\WINDOWS\System32\win32u.dll
0x00007ffba6f70000 - 0x00007ffba6f98000 	C:\WINDOWS\System32\GDI32.dll
0x00007ffba6790000 - 0x00007ffba6922000 	C:\WINDOWS\System32\gdi32full.dll
0x00007ffba6ec0000 - 0x00007ffba6f5f000 	C:\WINDOWS\System32\msvcp_win.dll
0x00007ffba6610000 - 0x00007ffba670a000 	C:\WINDOWS\System32\ucrtbase.dll
0x00007ffb9b730000 - 0x00007ffb9b999000 	C:\WINDOWS\WinSxS\amd64_microsoft.windows.common-controls_6595b64144ccf1df_6.0.17134.228_none_fb4599993062b194\COMCTL32.dll
0x00007ffba88d0000 - 0x00007ffba8bf3000 	C:\WINDOWS\System32\combase.dll
0x00007ffba6710000 - 0x00007ffba678a000 	C:\WINDOWS\System32\bcryptPrimitives.dll
0x00007ffba8d30000 - 0x00007ffba8d5d000 	C:\WINDOWS\System32\IMM32.DLL
0x0000000064770000 - 0x0000000064842000 	C:\Program Files\Java\jre1.8.0_181\bin\msvcr100.dll
0x00000000648b0000 - 0x0000000065152000 	C:\Program Files\Java\jre1.8.0_181\bin\server\jvm.dll
0x00007ffba6f60000 - 0x00007ffba6f68000 	C:\WINDOWS\System32\PSAPI.DLL
0x00007ffba18e0000 - 0x00007ffba18e9000 	C:\WINDOWS\SYSTEM32\WSOCK32.dll
0x00007ffba96d0000 - 0x00007ffba973c000 	C:\WINDOWS\System32\WS2_32.dll
0x00007ffba3ad0000 - 0x00007ffba3af3000 	C:\WINDOWS\SYSTEM32\WINMM.dll
0x00007ffb98800000 - 0x00007ffb9880a000 	C:\WINDOWS\SYSTEM32\VERSION.dll
0x00007ffba3aa0000 - 0x00007ffba3aca000 	C:\WINDOWS\SYSTEM32\WINMMBASE.dll
0x00007ffba6bd0000 - 0x00007ffba6c19000 	C:\WINDOWS\System32\cfgmgr32.dll
0x0000000065410000 - 0x000000006541f000 	C:\Program Files\Java\jre1.8.0_181\bin\verify.dll
0x00000000653e0000 - 0x0000000065409000 	C:\Program Files\Java\jre1.8.0_181\bin\java.dll
0x00000000653c0000 - 0x00000000653d6000 	C:\Program Files\Java\jre1.8.0_181\bin\zip.dll

VM Arguments:
jvm_args: -Dfile.encoding=Cp1252 
java_command: RansomeNote
java_class_path (initial): C:\Program Files\Java\jre1.8.0_181\lib\resources.jar;C:\Program Files\Java\jre1.8.0_181\lib\rt.jar;C:\Program Files\Java\jre1.8.0_181\lib\jsse.jar;C:\Program Files\Java\jre1.8.0_181\lib\jce.jar;C:\Program Files\Java\jre1.8.0_181\lib\charsets.jar;C:\Program Files\Java\jre1.8.0_181\lib\jfr.jar;C:\Program Files\Java\jre1.8.0_181\lib\ext\access-bridge-64.jar;C:\Program Files\Java\jre1.8.0_181\lib\ext\cldrdata.jar;C:\Program Files\Java\jre1.8.0_181\lib\ext\dnsns.jar;C:\Program Files\Java\jre1.8.0_181\lib\ext\jaccess.jar;C:\Program Files\Java\jre1.8.0_181\lib\ext\jfxrt.jar;C:\Program Files\Java\jre1.8.0_181\lib\ext\localedata.jar;C:\Program Files\Java\jre1.8.0_181\lib\ext\nashorn.jar;C:\Program Files\Java\jre1.8.0_181\lib\ext\sunec.jar;C:\Program Files\Java\jre1.8.0_181\lib\ext\sunjce_provider.jar;C:\Program Files\Java\jre1.8.0_181\lib\ext\sunmscapi.jar;C:\Program Files\Java\jre1.8.0_181\lib\ext\sunpkcs11.jar;C:\Program Files\Java\jre1.8.0_181\lib\ext\zipfs.jar;F:\Workspace\AlgoDS\bin
Launcher Type: SUN_STANDARD

Environment Variables:
PATH=C:/Program Files/Java/jre1.8.0_181/bin/server;C:/Program Files/Java/jre1.8.0_181/bin;C:/Program Files/Java/jre1.8.0_181/lib/amd64;C:\Program Files\Docker\Docker\Resources\bin;C:\Program Files (x86)\Common Files\Oracle\Java\javapath;C:\WINDOWS\system32;C:\WINDOWS;C:\WINDOWS\System32\Wbem;C:\WINDOWS\System32\WindowsPowerShell\v1.0\;C:\Program Files\Java\jdk1.8.0_181\jre\bin;C:\Program Files\Git\cmd;C:\Users\Sandeep\AppData\Local\Microsoft\WindowsApps;C:\Users\Sandeep\Downloads\Compressed\platform-tools;C:\Users\Sandeep\AppData\Roaming\Dashlane\6.2.0.12026\bin\Firefox_Extension\{442718d9-475e-452a-b3e1-fb1ee16b8e9f}\components;C:\Users\Sandeep\AppData\Roaming\Dashlane\6.2.0.12026\ucrt;C:\Users\Sandeep\AppData\Roaming\Dashlane\6.2.0.12026\bin\Qt;C:\Users\Sandeep\AppData\Roaming\Dashlane\6.2.0.12026\ucrt;C:\Users\Sandeep\AppData\Roaming\Dashlane\6.2.0.12026\bin\Ssl;C:\Users\Sandeep\AppData\Local\GitHubDesktop\bin;C:\Users\Sandeep\AppData\Roaming\Dashlane\6.4.0.12512\bin\Firefox_Extension\{442718d9-475e-452a-b3e1-fb1ee16b8e9f}\components;C:\Users\Sandeep\AppData\Roaming\Dashlane\6.4.0.12512\ucrt;C:\Users\Sandeep\AppData\Roaming\Dashlane\6.4.0.12512\bin\Qt;C:\Users\Sandeep\AppData\Roaming\Dashlane\6.4.0.12512\ucrt;C:\Users\Sandeep\AppData\Roaming\Dashlane\6.4.0.12512\bin\Ssl;C:\Users\Sandeep\Desktop;
USERNAME=Sandeep
OS=Windows_NT
PROCESSOR_IDENTIFIER=Intel64 Family 6 Model 61 Stepping 4, GenuineIntel



---------------  S Y S T E M  ---------------

OS: Windows 10.0 , 64 bit Build 17134 (10.0.17134.1)

CPU:total 4 (initial active 4) (2 cores per cpu, 2 threads per core) family 6 model 61 stepping 4, cmov, cx8, fxsr, mmx, sse, sse2, sse3, ssse3, sse4.1, sse4.2, popcnt, avx, avx2, aes, clmul, erms, 3dnowpref, lzcnt, ht, tsc, tscinvbit, bmi1, bmi2, adx

Memory: 4k page, physical 8301588k(1988752k free), swap 17810328k(5960k free)

vm_info: Java HotSpot(TM) 64-Bit Server VM (25.181-b13) for windows-amd64 JRE (1.8.0_181-b13), built on Jul  7 2018 04:01:33 by "java_re" with MS VC++ 10.0 (VS2010)

time: Sat Sep 08 00:28:00 2018
elapsed time: 0 seconds (0d 0h 0m 0s)

